<?xml version="1.0" encoding="UTF-8"?>
<testsuite name="RecipesApplicationTest" tests="1" skipped="0" failures="0" errors="0" timestamp="2022-11-03T07:12:01" hostname="DESKTOP-1NFTNE0" time="52.031">
  <properties/>
  <testcase name="start" classname="RecipesApplicationTest" time="52.031"/>
  <system-out><![CDATA[?[1;31m
Start test 1?[0m
?[0;34m
?[0m?[0;34m  .   ____          _            __ _ _
?[0m?[0;34m /\\ / ___'_ __ _ _(_)_ __  __ _ \ \ \ \
?[0m?[0;34m( ( )\___ | '_ | '_| | '_ \/ _` | \ \ \ \
?[0m?[0;34m \\/  ___)| |_)| | | | | || (_| |  ) ) ) )
?[0m?[0;34m  '  |____| .__|_| |_|_| |_\__, | / / / /
?[0m?[0;34m =========|_|==============|___/=/_/_/_/
?[0m?[0;34m :: Spring Boot ::                (v2.5.6)
?[0m?[0;34m
?[0m?[0;34m2022-11-03 11:12:02.777  INFO 14340 --- [    Test worker] recipes.RecipesApplication               : Starting RecipesApplication using Java 17.0.3 on DESKTOP-1NFTNE0 with PID 14340 (started by pc in C:\Users\pc\Documents\Java Programs\Recipes\Recipes\task)
?[0m?[0;34m2022-11-03 11:12:02.783  INFO 14340 --- [    Test worker] recipes.RecipesApplication               : No active profile set, falling back to default profiles: default
?[0m?[0;34m2022-11-03 11:12:04.983  INFO 14340 --- [    Test worker] .s.d.r.c.RepositoryConfigurationDelegate : Bootstrapping Spring Data JPA repositories in DEFAULT mode.
?[0m?[0;34m2022-11-03 11:12:05.126  INFO 14340 --- [    Test worker] .s.d.r.c.RepositoryConfigurationDelegate : Finished Spring Data repository scanning in 122 ms. Found 2 JPA repository interfaces.
?[0m?[0;34m2022-11-03 11:12:06.522  INFO 14340 --- [    Test worker] o.s.b.w.embedded.tomcat.TomcatWebServer  : Tomcat initialized with port(s): 8881 (http)
?[0m?[0;34m2022-11-03 11:12:06.545  INFO 14340 --- [    Test worker] o.apache.catalina.core.StandardService   : Starting service [Tomcat]
?[0m?[0;34m2022-11-03 11:12:06.546  INFO 14340 --- [    Test worker] org.apache.catalina.core.StandardEngine  : Starting Servlet engine: [Apache Tomcat/9.0.54]
?[0m?[0;34m2022-11-03 11:12:06.752  INFO 14340 --- [    Test worker] o.a.c.c.C.[Tomcat].[localhost].[/]       : Initializing Spring embedded WebApplicationContext
?[0m?[0;34m2022-11-03 11:12:06.752  INFO 14340 --- [    Test worker] w.s.c.ServletWebServerApplicationContext : Root WebApplicationContext: initialization completed in 3887 ms
?[0m?[0;34m2022-11-03 11:12:07.048  INFO 14340 --- [    Test worker] com.zaxxer.hikari.HikariDataSource       : HikariPool-1 - Starting...
?[0m?[0;34m2022-11-03 11:12:07.525  INFO 14340 --- [    Test worker] com.zaxxer.hikari.HikariDataSource       : HikariPool-1 - Start completed.
?[0m?[0;34m2022-11-03 11:12:07.548  INFO 14340 --- [    Test worker] o.s.b.a.h2.H2ConsoleAutoConfiguration    : H2 console available at '/h2'. Database available at 'jdbc:h2:file:../recipes_db'
?[0m?[0;34m2022-11-03 11:12:07.881  INFO 14340 --- [    Test worker] o.hibernate.jpa.internal.util.LogHelper  : HHH000204: Processing PersistenceUnitInfo [name: default]
?[0m?[0;34m2022-11-03 11:12:08.022  INFO 14340 --- [    Test worker] org.hibernate.Version                    : HHH000412: Hibernate ORM core version 5.4.32.Final
?[0m?[0;34m2022-11-03 11:12:08.375  INFO 14340 --- [    Test worker] o.hibernate.annotations.common.Version   : HCANN000001: Hibernate Commons Annotations {5.1.2.Final}
?[0m?[0;34m2022-11-03 11:12:08.759  INFO 14340 --- [    Test worker] org.hibernate.dialect.Dialect            : HHH000400: Using dialect: org.hibernate.dialect.H2Dialect
?[0m?[0;34mHibernate: create table recipe (id integer not null, category varchar(255), date timestamp, description varchar(255), name varchar(255), user varchar(255), primary key (id))
?[0m?[0;34mHibernate: create table recipe_directions (recipe_id integer not null, directions varchar(255))
?[0m?[0;34mHibernate: create table recipe_ingredients (recipe_id integer not null, ingredients varchar(255))
?[0m?[0;34mHibernate: create table user (email varchar(255) not null, password varchar(255), primary key (email))
?[0m?[0;34mHibernate: create sequence hibernate_sequence start with 1 increment by 1
?[0m?[0;34mHibernate: alter table recipe_directions add constraint FKkopnyxdjmwwlt5vlvw4rd28gy foreign key (recipe_id) references recipe
?[0m?[0;34mHibernate: alter table recipe_ingredients add constraint FKhnsmvxdlwxqq6x2wbgnoef5gr foreign key (recipe_id) references recipe
?[0m?[0;34m2022-11-03 11:12:11.239  INFO 14340 --- [    Test worker] o.h.e.t.j.p.i.JtaPlatformInitiator       : HHH000490: Using JtaPlatform implementation: [org.hibernate.engine.transaction.jta.platform.internal.NoJtaPlatform]
?[0m?[0;34m2022-11-03 11:12:11.271  INFO 14340 --- [    Test worker] j.LocalContainerEntityManagerFactoryBean : Initialized JPA EntityManagerFactory for persistence unit 'default'
?[0m?[0;34m2022-11-03 11:12:11.352  WARN 14340 --- [    Test worker] JpaBaseConfiguration$JpaWebConfiguration : spring.jpa.open-in-view is enabled by default. Therefore, database queries may be performed during view rendering. Explicitly configure spring.jpa.open-in-view to disable this warning
?[0m?[0;34m2022-11-03 11:12:12.871  INFO 14340 --- [    Test worker] o.s.b.a.e.web.EndpointLinksResolver      : Exposing 14 endpoint(s) beneath base path '/actuator'
?[0m?[0;34m2022-11-03 11:12:12.974  INFO 14340 --- [    Test worker] o.s.s.web.DefaultSecurityFilterChain     : Will secure any request with [org.springframework.security.web.context.request.async.WebAsyncManagerIntegrationFilter@37fc7e3c, org.springframework.security.web.context.SecurityContextPersistenceFilter@5c20841d, org.springframework.security.web.header.HeaderWriterFilter@2ae07dbd, org.springframework.security.web.authentication.logout.LogoutFilter@238c63df, org.springframework.security.web.authentication.www.BasicAuthenticationFilter@594965c9, org.springframework.security.web.savedrequest.RequestCacheAwareFilter@4def900a, org.springframework.security.web.servletapi.SecurityContextHolderAwareRequestFilter@1cdb280b, org.springframework.security.web.authentication.AnonymousAuthenticationFilter@1c96bf1e, org.springframework.security.web.session.SessionManagementFilter@4bd39edc, org.springframework.security.web.access.ExceptionTranslationFilter@34e7cde3, org.springframework.security.web.access.intercept.FilterSecurityInterceptor@147892be]
?[0m?[0;34m2022-11-03 11:12:13.415  INFO 14340 --- [    Test worker] o.s.b.w.embedded.tomcat.TomcatWebServer  : Tomcat started on port(s): 8881 (http) with context path ''
?[0m?[0;34m2022-11-03 11:12:13.440  INFO 14340 --- [    Test worker] recipes.RecipesApplication               : Started RecipesApplication in 11.589 seconds (JVM running for 13.901)
?[0;34m2022-11-03 11:12:14.045  INFO 14340 --- [nio-8881-exec-1] o.a.c.c.C.[Tomcat].[localhost].[/]       : Initializing Spring DispatcherServlet 'dispatcherServlet'
?[0m?[0;34m2022-11-03 11:12:14.045  INFO 14340 --- [nio-8881-exec-1] o.s.web.servlet.DispatcherServlet        : Initializing Servlet 'dispatcherServlet'
?[0m?[0;34m2022-11-03 11:12:14.047  INFO 14340 --- [nio-8881-exec-1] o.s.web.servlet.DispatcherServlet        : Completed initialization in 2 ms
?[0m?[0;34mHibernate: select user0_.email as email1_3_0_, user0_.password as password2_3_0_ from user user0_ where user0_.email=?
?[0m?[0;34mHibernate: select user0_.email as email1_3_0_, user0_.password as password2_3_0_ from user user0_ where user0_.email=?
?[0m?[0;34mHibernate: insert into user (password, email) values (?, ?)
?[0m?[1;31m
Start test 2?[0m
?[0;34mHibernate: select user0_.email as email1_3_0_, user0_.password as password2_3_0_ from user user0_ where user0_.email=?
?[1;31m
Start test 3?[0m
?[0;34mHibernate: select user0_.email as email1_3_0_, user0_.password as password2_3_0_ from user user0_ where user0_.email=?
?[0m?[0;34mHibernate: select user0_.email as email1_3_0_, user0_.password as password2_3_0_ from user user0_ where user0_.email=?
?[0m?[0;34mHibernate: insert into user (password, email) values (?, ?)
?[1;31m
Start test 4?[0m
?[0;34mHibernate: select user0_.email as email1_3_0_, user0_.password as password2_3_0_ from user user0_ where user0_.email=?
?[0m?[0;34mHibernate: select user0_.email as email1_3_0_, user0_.password as password2_3_0_ from user user0_ where user0_.email=?
?[0m?[0;34mHibernate: insert into user (password, email) values (?, ?)
?[1;31m
Start test 5?[0m
?[0;34m2022-11-03 11:12:15.451  WARN 14340 --- [nio-8881-exec-5] .w.s.m.s.DefaultHandlerExceptionResolver : Resolved [org.springframework.web.bind.MethodArgumentNotValidException: Validation failed for argument [0] in public org.springframework.http.ResponseEntity<recipes.models.User> recipes.controllers.UserController.register(recipes.models.User): [Field error in object 'user' on field 'email': rejected value [Test3@testcom]; codes [Pattern.user.email,Pattern.email,Pattern.java.lang.String,Pattern]; arguments [org.springframework.context.support.DefaultMessageSourceResolvable: codes [user.email,email]; arguments []; default message [email],[Ljavax.validation.constraints.Pattern$Flag;@1a9c4385,^[a-zA-Z\d]+@[a-zA-Z\d]+\.[a-zA-Z\d]+$]; default message [must match "^[a-zA-Z\d]+@[a-zA-Z\d]+\.[a-zA-Z\d]+$"]] ]
?[1;31m
Start test 6?[0m
?[0;34m2022-11-03 11:12:15.540  WARN 14340 --- [nio-8881-exec-8] .w.s.m.s.DefaultHandlerExceptionResolver : Resolved [org.springframework.web.bind.MethodArgumentNotValidException: Validation failed for argument [0] in public org.springframework.http.ResponseEntity<recipes.models.User> recipes.controllers.UserController.register(recipes.models.User): [Field error in object 'user' on field 'email': rejected value [Test4test.com]; codes [Pattern.user.email,Pattern.email,Pattern.java.lang.String,Pattern]; arguments [org.springframework.context.support.DefaultMessageSourceResolvable: codes [user.email,email]; arguments []; default message [email],[Ljavax.validation.constraints.Pattern$Flag;@1a9c4385,^[a-zA-Z\d]+@[a-zA-Z\d]+\.[a-zA-Z\d]+$]; default message [must match "^[a-zA-Z\d]+@[a-zA-Z\d]+\.[a-zA-Z\d]+$"]] ]
?[1;31m
Start test 7?[0m
?[0;34m2022-11-03 11:12:15.564  WARN 14340 --- [nio-8881-exec-9] .w.s.m.s.DefaultHandlerExceptionResolver : Resolved [org.springframework.web.bind.MethodArgumentNotValidException: Validation failed for argument [0] in public org.springframework.http.ResponseEntity<recipes.models.User> recipes.controllers.UserController.register(recipes.models.User): [Field error in object 'user' on field 'password': rejected value [Test555]; codes [Size.user.password,Size.password,Size.java.lang.String,Size]; arguments [org.springframework.context.support.DefaultMessageSourceResolvable: codes [user.password,password]; arguments []; default message [password],2147483647,8]; default message [size must be between 8 and 2147483647]] ]
?[1;31m
Start test 8?[0m
?[0;34m2022-11-03 11:12:15.581  WARN 14340 --- [io-8881-exec-10] .w.s.m.s.DefaultHandlerExceptionResolver : Resolved [org.springframework.web.bind.MethodArgumentNotValidException: Validation failed for argument [0] in public org.springframework.http.ResponseEntity<recipes.models.User> recipes.controllers.UserController.register(recipes.models.User): [Field error in object 'user' on field 'password': rejected value [        ]; codes [NotBlank.user.password,NotBlank.password,NotBlank.java.lang.String,NotBlank]; arguments [org.springframework.context.support.DefaultMessageSourceResolvable: codes [user.password,password]; arguments []; default message [password]]; default message [must not be blank]] ]
?[1;31m
Start test 9?[0m
?[0m?[0;34mHibernate: select user0_.email as email1_3_0_, user0_.password as password2_3_0_ from user user0_ where user0_.email=?
?[0m?[0;34m2022-11-03 11:12:15.925  WARN 14340 --- [nio-8881-exec-1] o.a.c.util.SessionIdGeneratorBase        : Creation of SecureRandom instance for session ID generation using [SHA1PRNG] took [104] milliseconds.
?[0m?[0;34mHibernate: call next value for hibernate_sequence
?[0m?[0;34mHibernate: insert into recipe (category, date, description, name, user, id) values (?, ?, ?, ?, ?, ?)
?[0m?[0;34mHibernate: insert into recipe_directions (recipe_id, directions) values (?, ?)
?[0m?[0;34mHibernate: insert into recipe_directions (recipe_id, directions) values (?, ?)
?[0m?[0;34mHibernate: insert into recipe_directions (recipe_id, directions) values (?, ?)
?[0m?[0;34mHibernate: insert into recipe_directions (recipe_id, directions) values (?, ?)
?[0m?[0;34mHibernate: insert into recipe_directions (recipe_id, directions) values (?, ?)
?[0m?[0;34mHibernate: insert into recipe_ingredients (recipe_id, ingredients) values (?, ?)
?[0m?[0;34mHibernate: insert into recipe_ingredients (recipe_id, ingredients) values (?, ?)
?[0m?[0;34mHibernate: insert into recipe_ingredients (recipe_id, ingredients) values (?, ?)
?[1;31m
Start test 10?[0m
?[0m?[0;34mHibernate: select user0_.email as email1_3_0_, user0_.password as password2_3_0_ from user user0_ where user0_.email=?
?[0m?[0;34mHibernate: call next value for hibernate_sequence
?[0m?[0;34mHibernate: insert into recipe (category, date, description, name, user, id) values (?, ?, ?, ?, ?, ?)
?[0m?[0;34mHibernate: insert into recipe_directions (recipe_id, directions) values (?, ?)
?[0m?[0;34mHibernate: insert into recipe_directions (recipe_id, directions) values (?, ?)
?[0m?[0;34mHibernate: insert into recipe_directions (recipe_id, directions) values (?, ?)
?[0m?[0;34mHibernate: insert into recipe_ingredients (recipe_id, ingredients) values (?, ?)
?[0m?[0;34mHibernate: insert into recipe_ingredients (recipe_id, ingredients) values (?, ?)
?[0m?[0;34mHibernate: insert into recipe_ingredients (recipe_id, ingredients) values (?, ?)
?[1;31m
Start test 11?[0m
?[0m?[0;34mHibernate: select user0_.email as email1_3_0_, user0_.password as password2_3_0_ from user user0_ where user0_.email=?
?[0m?[0;34mHibernate: select recipe0_.id as id1_0_0_, recipe0_.category as category2_0_0_, recipe0_.date as date3_0_0_, recipe0_.description as descript4_0_0_, recipe0_.name as name5_0_0_, recipe0_.user as user6_0_0_ from recipe recipe0_ where recipe0_.id=?
?[0m?[0;34mHibernate: select ingredient0_.recipe_id as recipe_i1_2_0_, ingredient0_.ingredients as ingredie2_2_0_ from recipe_ingredients ingredient0_ where ingredient0_.recipe_id=?
?[0m?[0;34mHibernate: select directions0_.recipe_id as recipe_i1_1_0_, directions0_.directions as directio2_1_0_ from recipe_directions directions0_ where directions0_.recipe_id=?
?[1;31m
Start test 12?[0m
?[0m?[0;34mHibernate: select user0_.email as email1_3_0_, user0_.password as password2_3_0_ from user user0_ where user0_.email=?
?[0m?[0;34mHibernate: select recipe0_.id as id1_0_0_, recipe0_.category as category2_0_0_, recipe0_.date as date3_0_0_, recipe0_.description as descript4_0_0_, recipe0_.name as name5_0_0_, recipe0_.user as user6_0_0_ from recipe recipe0_ where recipe0_.id=?
?[0m?[0;34mHibernate: select ingredient0_.recipe_id as recipe_i1_2_0_, ingredient0_.ingredients as ingredie2_2_0_ from recipe_ingredients ingredient0_ where ingredient0_.recipe_id=?
?[0m?[0;34mHibernate: select directions0_.recipe_id as recipe_i1_1_0_, directions0_.directions as directio2_1_0_ from recipe_directions directions0_ where directions0_.recipe_id=?
?[1;31m
Start test 13?[0m
?[0;34m2022-11-03 11:12:17.170  INFO 14340 --- [       Thread-5] j.LocalContainerEntityManagerFactoryBean : Closing JPA EntityManagerFactory for persistence unit 'default'
?[0m?[0;34m2022-11-03 11:12:17.182  INFO 14340 --- [       Thread-5] com.zaxxer.hikari.HikariDataSource       : HikariPool-1 - Shutdown initiated...
?[0m?[0;34m2022-11-03 11:12:17.260  INFO 14340 --- [       Thread-5] com.zaxxer.hikari.HikariDataSource       : HikariPool-1 - Shutdown completed.
?[0;34m
?[0m?[0;34m  .   ____          _            __ _ _
?[0m?[0;34m /\\ / ___'_ __ _ _(_)_ __  __ _ \ \ \ \
?[0m?[0;34m( ( )\___ | '_ | '_| | '_ \/ _` | \ \ \ \
?[0m?[0;34m \\/  ___)| |_)| | | | | || (_| |  ) ) ) )
?[0m?[0;34m  '  |____| .__|_| |_|_| |_\__, | / / / /
?[0m?[0;34m =========|_|==============|___/=/_/_/_/
?[0m?[0;34m :: Spring Boot ::                (v2.5.6)
?[0m?[0;34m
?[0m?[0;34m2022-11-03 11:12:27.638  INFO 14340 --- [    Test worker] recipes.RecipesApplication               : Starting RecipesApplication using Java 17.0.3 on DESKTOP-1NFTNE0 with PID 14340 (started by pc in C:\Users\pc\Documents\Java Programs\Recipes\Recipes\task)
?[0m?[0;34m2022-11-03 11:12:27.639  INFO 14340 --- [    Test worker] recipes.RecipesApplication               : No active profile set, falling back to default profiles: default
?[0m?[0;34m2022-11-03 11:12:28.236  INFO 14340 --- [    Test worker] .s.d.r.c.RepositoryConfigurationDelegate : Bootstrapping Spring Data JPA repositories in DEFAULT mode.
?[0m?[0;34m2022-11-03 11:12:28.256  INFO 14340 --- [    Test worker] .s.d.r.c.RepositoryConfigurationDelegate : Finished Spring Data repository scanning in 19 ms. Found 2 JPA repository interfaces.
?[0m?[0;34m2022-11-03 11:12:28.411  INFO 14340 --- [    Test worker] o.s.b.w.embedded.tomcat.TomcatWebServer  : Tomcat initialized with port(s): 8881 (http)
?[0m?[0;34m2022-11-03 11:12:28.412  INFO 14340 --- [    Test worker] o.apache.catalina.core.StandardService   : Starting service [Tomcat]
?[0m?[0;34m2022-11-03 11:12:28.412  INFO 14340 --- [    Test worker] org.apache.catalina.core.StandardEngine  : Starting Servlet engine: [Apache Tomcat/9.0.54]
?[0m?[0;34m2022-11-03 11:12:28.473  INFO 14340 --- [    Test worker] o.a.c.c.C.[Tomcat].[localhost].[/]       : Initializing Spring embedded WebApplicationContext
?[0m?[0;34m2022-11-03 11:12:28.473  INFO 14340 --- [    Test worker] w.s.c.ServletWebServerApplicationContext : Root WebApplicationContext: initialization completed in 820 ms
?[0m?[0;34m2022-11-03 11:12:28.530  INFO 14340 --- [    Test worker] com.zaxxer.hikari.HikariDataSource       : HikariPool-2 - Starting...
?[0m?[0;34m2022-11-03 11:12:28.546  INFO 14340 --- [    Test worker] com.zaxxer.hikari.HikariDataSource       : HikariPool-2 - Start completed.
?[0m?[0;34m2022-11-03 11:12:28.546  INFO 14340 --- [    Test worker] o.s.b.a.h2.H2ConsoleAutoConfiguration    : H2 console available at '/h2'. Database available at 'jdbc:h2:file:../recipes_db'
?[0m?[0;34m2022-11-03 11:12:28.610  INFO 14340 --- [    Test worker] o.hibernate.jpa.internal.util.LogHelper  : HHH000204: Processing PersistenceUnitInfo [name: default]
?[0m?[0;34m2022-11-03 11:12:28.624  INFO 14340 --- [    Test worker] org.hibernate.dialect.Dialect            : HHH000400: Using dialect: org.hibernate.dialect.H2Dialect
?[0m?[0;34m2022-11-03 11:12:28.747  INFO 14340 --- [    Test worker] o.h.e.t.j.p.i.JtaPlatformInitiator       : HHH000490: Using JtaPlatform implementation: [org.hibernate.engine.transaction.jta.platform.internal.NoJtaPlatform]
?[0m?[0;34m2022-11-03 11:12:28.748  INFO 14340 --- [    Test worker] j.LocalContainerEntityManagerFactoryBean : Initialized JPA EntityManagerFactory for persistence unit 'default'
?[0m?[0;34m2022-11-03 11:12:28.784  WARN 14340 --- [    Test worker] JpaBaseConfiguration$JpaWebConfiguration : spring.jpa.open-in-view is enabled by default. Therefore, database queries may be performed during view rendering. Explicitly configure spring.jpa.open-in-view to disable this warning
?[0m?[0;34m2022-11-03 11:12:29.085  INFO 14340 --- [    Test worker] o.s.b.a.e.web.EndpointLinksResolver      : Exposing 14 endpoint(s) beneath base path '/actuator'
?[0m?[0;34m2022-11-03 11:12:29.102  INFO 14340 --- [    Test worker] o.s.s.web.DefaultSecurityFilterChain     : Will secure any request with [org.springframework.security.web.context.request.async.WebAsyncManagerIntegrationFilter@283240b0, org.springframework.security.web.context.SecurityContextPersistenceFilter@3aa4d595, org.springframework.security.web.header.HeaderWriterFilter@729a98e9, org.springframework.security.web.authentication.logout.LogoutFilter@5b3427c4, org.springframework.security.web.authentication.www.BasicAuthenticationFilter@388ad8aa, org.springframework.security.web.savedrequest.RequestCacheAwareFilter@e50e308, org.springframework.security.web.servletapi.SecurityContextHolderAwareRequestFilter@28ab7ffb, org.springframework.security.web.authentication.AnonymousAuthenticationFilter@4ec78008, org.springframework.security.web.session.SessionManagementFilter@51c7d472, org.springframework.security.web.access.ExceptionTranslationFilter@79c9a128, org.springframework.security.web.access.intercept.FilterSecurityInterceptor@5232cec1]
?[0m?[0;34m2022-11-03 11:12:29.222  INFO 14340 --- [    Test worker] o.s.b.w.embedded.tomcat.TomcatWebServer  : Tomcat started on port(s): 8881 (http) with context path ''
?[0m?[0;34m2022-11-03 11:12:29.232  INFO 14340 --- [    Test worker] recipes.RecipesApplication               : Started RecipesApplication in 1.744 seconds (JVM running for 29.694)
?[0m?[1;31m
Start test 14?[0m
?[0;34m2022-11-03 11:12:29.249  INFO 14340 --- [nio-8881-exec-1] o.a.c.c.C.[Tomcat].[localhost].[/]       : Initializing Spring DispatcherServlet 'dispatcherServlet'
?[0m?[0;34m2022-11-03 11:12:29.250  INFO 14340 --- [nio-8881-exec-1] o.s.web.servlet.DispatcherServlet        : Initializing Servlet 'dispatcherServlet'
?[0m?[0;34m2022-11-03 11:12:29.253  INFO 14340 --- [nio-8881-exec-1] o.s.web.servlet.DispatcherServlet        : Completed initialization in 3 ms
?[0m?[0;34mHibernate: select user0_.email as email1_3_0_, user0_.password as password2_3_0_ from user user0_ where user0_.email=?
?[0m?[0;34mHibernate: select recipe0_.id as id1_0_0_, recipe0_.category as category2_0_0_, recipe0_.date as date3_0_0_, recipe0_.description as descript4_0_0_, recipe0_.name as name5_0_0_, recipe0_.user as user6_0_0_ from recipe recipe0_ where recipe0_.id=?
?[0m?[0;34mHibernate: select ingredient0_.recipe_id as recipe_i1_2_0_, ingredient0_.ingredients as ingredie2_2_0_ from recipe_ingredients ingredient0_ where ingredient0_.recipe_id=?
?[0m?[0;34mHibernate: select directions0_.recipe_id as recipe_i1_1_0_, directions0_.directions as directio2_1_0_ from recipe_directions directions0_ where directions0_.recipe_id=?
?[1;31m
Start test 15?[0m
?[0;34mHibernate: select user0_.email as email1_3_0_, user0_.password as password2_3_0_ from user user0_ where user0_.email=?
?[0m?[0;34mHibernate: select recipe0_.id as id1_0_0_, recipe0_.category as category2_0_0_, recipe0_.date as date3_0_0_, recipe0_.description as descript4_0_0_, recipe0_.name as name5_0_0_, recipe0_.user as user6_0_0_ from recipe recipe0_ where recipe0_.id=?
?[0m?[0;34mHibernate: select ingredient0_.recipe_id as recipe_i1_2_0_, ingredient0_.ingredients as ingredie2_2_0_ from recipe_ingredients ingredient0_ where ingredient0_.recipe_id=?
?[0m?[0;34mHibernate: select directions0_.recipe_id as recipe_i1_1_0_, directions0_.directions as directio2_1_0_ from recipe_directions directions0_ where directions0_.recipe_id=?
?[1;31m
Start test 16?[0m
?[0;34mHibernate: select user0_.email as email1_3_0_, user0_.password as password2_3_0_ from user user0_ where user0_.email=?
?[0m?[0;34mHibernate: select recipe0_.id as id1_0_0_, recipe0_.category as category2_0_0_, recipe0_.date as date3_0_0_, recipe0_.description as descript4_0_0_, recipe0_.name as name5_0_0_, recipe0_.user as user6_0_0_ from recipe recipe0_ where recipe0_.id=?
?[0m?[0;34mHibernate: select directions0_.recipe_id as recipe_i1_1_0_, directions0_.directions as directio2_1_0_ from recipe_directions directions0_ where directions0_.recipe_id=?
?[0m?[0;34mHibernate: select ingredient0_.recipe_id as recipe_i1_2_0_, ingredient0_.ingredients as ingredie2_2_0_ from recipe_ingredients ingredient0_ where ingredient0_.recipe_id=?
?[0m?[0;34mHibernate: update recipe set category=?, date=?, description=?, name=?, user=? where id=?
?[0m?[0;34mHibernate: delete from recipe_directions where recipe_id=?
?[0m?[0;34mHibernate: insert into recipe_directions (recipe_id, directions) values (?, ?)
?[0m?[0;34mHibernate: insert into recipe_directions (recipe_id, directions) values (?, ?)
?[0m?[0;34mHibernate: insert into recipe_directions (recipe_id, directions) values (?, ?)
?[0m?[0;34mHibernate: delete from recipe_ingredients where recipe_id=?
?[0m?[0;34mHibernate: insert into recipe_ingredients (recipe_id, ingredients) values (?, ?)
?[0m?[0;34mHibernate: insert into recipe_ingredients (recipe_id, ingredients) values (?, ?)
?[0m?[0;34mHibernate: insert into recipe_ingredients (recipe_id, ingredients) values (?, ?)
?[1;31m
Start test 17?[0m
?[0;34mHibernate: select user0_.email as email1_3_0_, user0_.password as password2_3_0_ from user user0_ where user0_.email=?
?[0m?[0;34mHibernate: select recipe0_.id as id1_0_0_, recipe0_.category as category2_0_0_, recipe0_.date as date3_0_0_, recipe0_.description as descript4_0_0_, recipe0_.name as name5_0_0_, recipe0_.user as user6_0_0_ from recipe recipe0_ where recipe0_.id=?
?[0m?[0;34mHibernate: select ingredient0_.recipe_id as recipe_i1_2_0_, ingredient0_.ingredients as ingredie2_2_0_ from recipe_ingredients ingredient0_ where ingredient0_.recipe_id=?
?[0m?[0;34mHibernate: select directions0_.recipe_id as recipe_i1_1_0_, directions0_.directions as directio2_1_0_ from recipe_directions directions0_ where directions0_.recipe_id=?
?[1;31m
Start test 18?[0m
?[0;34mHibernate: select user0_.email as email1_3_0_, user0_.password as password2_3_0_ from user user0_ where user0_.email=?
?[0m?[0;34mHibernate: select recipe0_.id as id1_0_0_, recipe0_.category as category2_0_0_, recipe0_.date as date3_0_0_, recipe0_.description as descript4_0_0_, recipe0_.name as name5_0_0_, recipe0_.user as user6_0_0_ from recipe recipe0_ where recipe0_.id=?
?[0m?[0;34mHibernate: delete from recipe_directions where recipe_id=?
?[0m?[0;34mHibernate: delete from recipe_ingredients where recipe_id=?
?[0m?[0;34mHibernate: delete from recipe where id=?
?[1;31m
Start test 19?[0m
?[0;34mHibernate: select user0_.email as email1_3_0_, user0_.password as password2_3_0_ from user user0_ where user0_.email=?
?[0m?[0;34mHibernate: select recipe0_.id as id1_0_0_, recipe0_.category as category2_0_0_, recipe0_.date as date3_0_0_, recipe0_.description as descript4_0_0_, recipe0_.name as name5_0_0_, recipe0_.user as user6_0_0_ from recipe recipe0_ where recipe0_.id=?
?[1;31m
Start test 20?[0m
?[0;34mHibernate: select user0_.email as email1_3_0_, user0_.password as password2_3_0_ from user user0_ where user0_.email=?
?[0m?[0;34mHibernate: select recipe0_.id as id1_0_0_, recipe0_.category as category2_0_0_, recipe0_.date as date3_0_0_, recipe0_.description as descript4_0_0_, recipe0_.name as name5_0_0_, recipe0_.user as user6_0_0_ from recipe recipe0_ where recipe0_.id=?
?[1;31m
Start test 21?[0m
?[0;34mHibernate: select user0_.email as email1_3_0_, user0_.password as password2_3_0_ from user user0_ where user0_.email=?
?[0m?[0;34mHibernate: select recipe0_.id as id1_0_0_, recipe0_.category as category2_0_0_, recipe0_.date as date3_0_0_, recipe0_.description as descript4_0_0_, recipe0_.name as name5_0_0_, recipe0_.user as user6_0_0_ from recipe recipe0_ where recipe0_.id=?
?[1;31m
Start test 22?[0m
?[0;34mHibernate: select user0_.email as email1_3_0_, user0_.password as password2_3_0_ from user user0_ where user0_.email=?
?[0m?[0;34mHibernate: call next value for hibernate_sequence
?[0m?[0;34mHibernate: insert into recipe (category, date, description, name, user, id) values (?, ?, ?, ?, ?, ?)
?[0m?[0;34mHibernate: insert into recipe_directions (recipe_id, directions) values (?, ?)
?[0m?[0;34mHibernate: insert into recipe_directions (recipe_id, directions) values (?, ?)
?[0m?[0;34mHibernate: insert into recipe_ingredients (recipe_id, ingredients) values (?, ?)
?[0m?[0;34mHibernate: insert into recipe_ingredients (recipe_id, ingredients) values (?, ?)
?[0m?[0;34mHibernate: insert into recipe_ingredients (recipe_id, ingredients) values (?, ?)
?[1;31m
Start test 23?[0m
?[0;34mHibernate: select user0_.email as email1_3_0_, user0_.password as password2_3_0_ from user user0_ where user0_.email=?
?[0m?[0;34mHibernate: call next value for hibernate_sequence
?[0m?[0;34mHibernate: insert into recipe (category, date, description, name, user, id) values (?, ?, ?, ?, ?, ?)
?[0m?[0;34mHibernate: insert into recipe_directions (recipe_id, directions) values (?, ?)
?[0m?[0;34mHibernate: insert into recipe_directions (recipe_id, directions) values (?, ?)
?[0m?[0;34mHibernate: insert into recipe_directions (recipe_id, directions) values (?, ?)
?[0m?[0;34mHibernate: insert into recipe_ingredients (recipe_id, ingredients) values (?, ?)
?[0m?[0;34mHibernate: insert into recipe_ingredients (recipe_id, ingredients) values (?, ?)
?[0m?[0;34mHibernate: insert into recipe_ingredients (recipe_id, ingredients) values (?, ?)
?[1;31m
Start test 24?[0m
?[0m?[0;34mHibernate: select user0_.email as email1_3_0_, user0_.password as password2_3_0_ from user user0_ where user0_.email=?
?[0m?[0;34mHibernate: call next value for hibernate_sequence
?[0m?[0;34mHibernate: insert into recipe (category, date, description, name, user, id) values (?, ?, ?, ?, ?, ?)
?[0m?[0;34mHibernate: insert into recipe_directions (recipe_id, directions) values (?, ?)
?[0m?[0;34mHibernate: insert into recipe_directions (recipe_id, directions) values (?, ?)
?[0m?[0;34mHibernate: insert into recipe_directions (recipe_id, directions) values (?, ?)
?[0m?[0;34mHibernate: insert into recipe_ingredients (recipe_id, ingredients) values (?, ?)
?[0m?[0;34mHibernate: insert into recipe_ingredients (recipe_id, ingredients) values (?, ?)
?[0m?[0;34mHibernate: insert into recipe_ingredients (recipe_id, ingredients) values (?, ?)
?[1;31m
Start test 25?[0m
?[0m?[0;34mHibernate: select user0_.email as email1_3_0_, user0_.password as password2_3_0_ from user user0_ where user0_.email=?
?[0m?[0;34mHibernate: call next value for hibernate_sequence
?[0m?[0;34mHibernate: insert into recipe (category, date, description, name, user, id) values (?, ?, ?, ?, ?, ?)
?[0m?[0;34mHibernate: insert into recipe_directions (recipe_id, directions) values (?, ?)
?[0m?[0;34mHibernate: insert into recipe_directions (recipe_id, directions) values (?, ?)
?[0m?[0;34mHibernate: insert into recipe_ingredients (recipe_id, ingredients) values (?, ?)
?[0m?[0;34mHibernate: insert into recipe_ingredients (recipe_id, ingredients) values (?, ?)
?[0m?[0;34mHibernate: insert into recipe_ingredients (recipe_id, ingredients) values (?, ?)
?[1;31m
Start test 26?[0m
?[0m?[0;34mHibernate: select user0_.email as email1_3_0_, user0_.password as password2_3_0_ from user user0_ where user0_.email=?
?[0m?[0;34mHibernate: call next value for hibernate_sequence
?[0m?[0;34mHibernate: insert into recipe (category, date, description, name, user, id) values (?, ?, ?, ?, ?, ?)
?[0m?[0;34mHibernate: insert into recipe_directions (recipe_id, directions) values (?, ?)
?[0m?[0;34mHibernate: insert into recipe_directions (recipe_id, directions) values (?, ?)
?[0m?[0;34mHibernate: insert into recipe_directions (recipe_id, directions) values (?, ?)
?[0m?[0;34mHibernate: insert into recipe_ingredients (recipe_id, ingredients) values (?, ?)
?[0m?[0;34mHibernate: insert into recipe_ingredients (recipe_id, ingredients) values (?, ?)
?[0m?[0;34mHibernate: insert into recipe_ingredients (recipe_id, ingredients) values (?, ?)
?[1;31m
Start test 27?[0m
?[0m?[0;34mHibernate: select user0_.email as email1_3_0_, user0_.password as password2_3_0_ from user user0_ where user0_.email=?
?[0m?[0;34mHibernate: call next value for hibernate_sequence
?[0m?[0;34mHibernate: insert into recipe (category, date, description, name, user, id) values (?, ?, ?, ?, ?, ?)
?[0m?[0;34mHibernate: insert into recipe_directions (recipe_id, directions) values (?, ?)
?[0m?[0;34mHibernate: insert into recipe_directions (recipe_id, directions) values (?, ?)
?[0m?[0;34mHibernate: insert into recipe_directions (recipe_id, directions) values (?, ?)
?[0m?[0;34mHibernate: insert into recipe_ingredients (recipe_id, ingredients) values (?, ?)
?[0m?[0;34mHibernate: insert into recipe_ingredients (recipe_id, ingredients) values (?, ?)
?[1;31m
Start test 28?[0m
?[0m?[0;34mHibernate: select user0_.email as email1_3_0_, user0_.password as password2_3_0_ from user user0_ where user0_.email=?
?[0m?[0;34mHibernate: call next value for hibernate_sequence
?[0m?[0;34mHibernate: insert into recipe (category, date, description, name, user, id) values (?, ?, ?, ?, ?, ?)
?[0m?[0;34mHibernate: insert into recipe_directions (recipe_id, directions) values (?, ?)
?[0m?[0;34mHibernate: insert into recipe_directions (recipe_id, directions) values (?, ?)
?[0m?[0;34mHibernate: insert into recipe_directions (recipe_id, directions) values (?, ?)
?[0m?[0;34mHibernate: insert into recipe_ingredients (recipe_id, ingredients) values (?, ?)
?[0m?[0;34mHibernate: insert into recipe_ingredients (recipe_id, ingredients) values (?, ?)
?[0m?[0;34mHibernate: insert into recipe_ingredients (recipe_id, ingredients) values (?, ?)
?[1;31m
Start test 29?[0m
?[0m?[0;34mHibernate: select user0_.email as email1_3_0_, user0_.password as password2_3_0_ from user user0_ where user0_.email=?
?[0m?[0;34mHibernate: call next value for hibernate_sequence
?[0m?[0;34mHibernate: insert into recipe (category, date, description, name, user, id) values (?, ?, ?, ?, ?, ?)
?[0m?[0;34mHibernate: insert into recipe_directions (recipe_id, directions) values (?, ?)
?[0m?[0;34mHibernate: insert into recipe_directions (recipe_id, directions) values (?, ?)
?[0m?[0;34mHibernate: insert into recipe_ingredients (recipe_id, ingredients) values (?, ?)
?[0m?[0;34mHibernate: insert into recipe_ingredients (recipe_id, ingredients) values (?, ?)
?[0m?[0;34mHibernate: insert into recipe_ingredients (recipe_id, ingredients) values (?, ?)
?[1;31m
Start test 30?[0m
?[0m?[0;34mHibernate: select user0_.email as email1_3_0_, user0_.password as password2_3_0_ from user user0_ where user0_.email=?
?[0m?[0;34mHibernate: call next value for hibernate_sequence
?[0m?[0;34mHibernate: insert into recipe (category, date, description, name, user, id) values (?, ?, ?, ?, ?, ?)
?[0m?[0;34mHibernate: insert into recipe_directions (recipe_id, directions) values (?, ?)
?[0m?[0;34mHibernate: insert into recipe_directions (recipe_id, directions) values (?, ?)
?[0m?[0;34mHibernate: insert into recipe_directions (recipe_id, directions) values (?, ?)
?[0m?[0;34mHibernate: insert into recipe_ingredients (recipe_id, ingredients) values (?, ?)
?[0m?[0;34mHibernate: insert into recipe_ingredients (recipe_id, ingredients) values (?, ?)
?[1;31m
Start test 31?[0m
?[0m?[0;34mHibernate: select user0_.email as email1_3_0_, user0_.password as password2_3_0_ from user user0_ where user0_.email=?
?[0m?[0;34mHibernate: call next value for hibernate_sequence
?[0m?[0;34mHibernate: insert into recipe (category, date, description, name, user, id) values (?, ?, ?, ?, ?, ?)
?[0m?[0;34mHibernate: insert into recipe_directions (recipe_id, directions) values (?, ?)
?[0m?[0;34mHibernate: insert into recipe_directions (recipe_id, directions) values (?, ?)
?[0m?[0;34mHibernate: insert into recipe_ingredients (recipe_id, ingredients) values (?, ?)
?[0m?[0;34mHibernate: insert into recipe_ingredients (recipe_id, ingredients) values (?, ?)
?[0m?[0;34mHibernate: insert into recipe_ingredients (recipe_id, ingredients) values (?, ?)
?[1;31m
Start test 32?[0m
?[0m?[0;34mHibernate: select user0_.email as email1_3_0_, user0_.password as password2_3_0_ from user user0_ where user0_.email=?
?[0m?[0;34mHibernate: call next value for hibernate_sequence
?[0m?[0;34mHibernate: insert into recipe (category, date, description, name, user, id) values (?, ?, ?, ?, ?, ?)
?[0m?[0;34mHibernate: insert into recipe_directions (recipe_id, directions) values (?, ?)
?[0m?[0;34mHibernate: insert into recipe_directions (recipe_id, directions) values (?, ?)
?[0m?[0;34mHibernate: insert into recipe_directions (recipe_id, directions) values (?, ?)
?[0m?[0;34mHibernate: insert into recipe_ingredients (recipe_id, ingredients) values (?, ?)
?[0m?[0;34mHibernate: insert into recipe_ingredients (recipe_id, ingredients) values (?, ?)
?[1;31m
Start test 33?[0m
?[0m?[0;34mHibernate: select user0_.email as email1_3_0_, user0_.password as password2_3_0_ from user user0_ where user0_.email=?
?[0m?[0;34mHibernate: call next value for hibernate_sequence
?[0m?[0;34mHibernate: insert into recipe (category, date, description, name, user, id) values (?, ?, ?, ?, ?, ?)
?[0m?[0;34mHibernate: insert into recipe_directions (recipe_id, directions) values (?, ?)
?[0m?[0;34mHibernate: insert into recipe_directions (recipe_id, directions) values (?, ?)
?[0m?[0;34mHibernate: insert into recipe_directions (recipe_id, directions) values (?, ?)
?[0m?[0;34mHibernate: insert into recipe_ingredients (recipe_id, ingredients) values (?, ?)
?[0m?[0;34mHibernate: insert into recipe_ingredients (recipe_id, ingredients) values (?, ?)
?[1;31m
Start test 34?[0m
?[0m?[0;34mHibernate: select user0_.email as email1_3_0_, user0_.password as password2_3_0_ from user user0_ where user0_.email=?
?[0m?[0;34mHibernate: call next value for hibernate_sequence
?[0m?[0;34mHibernate: insert into recipe (category, date, description, name, user, id) values (?, ?, ?, ?, ?, ?)
?[0m?[0;34mHibernate: insert into recipe_directions (recipe_id, directions) values (?, ?)
?[0m?[0;34mHibernate: insert into recipe_directions (recipe_id, directions) values (?, ?)
?[0m?[0;34mHibernate: insert into recipe_ingredients (recipe_id, ingredients) values (?, ?)
?[0m?[0;34mHibernate: insert into recipe_ingredients (recipe_id, ingredients) values (?, ?)
?[0m?[0;34mHibernate: insert into recipe_ingredients (recipe_id, ingredients) values (?, ?)
?[1;31m
Start test 35?[0m
?[0m?[0;34mHibernate: select user0_.email as email1_3_0_, user0_.password as password2_3_0_ from user user0_ where user0_.email=?
?[0m?[0;34mHibernate: select recipe0_.id as id1_0_, recipe0_.category as category2_0_, recipe0_.date as date3_0_, recipe0_.description as descript4_0_, recipe0_.name as name5_0_, recipe0_.user as user6_0_ from recipe recipe0_ where upper(recipe0_.category)=upper(?)
?[0m?[0;34mHibernate: select ingredient0_.recipe_id as recipe_i1_2_0_, ingredient0_.ingredients as ingredie2_2_0_ from recipe_ingredients ingredient0_ where ingredient0_.recipe_id=?
?[0m?[0;34mHibernate: select directions0_.recipe_id as recipe_i1_1_0_, directions0_.directions as directio2_1_0_ from recipe_directions directions0_ where directions0_.recipe_id=?
?[0m?[0;34mHibernate: select ingredient0_.recipe_id as recipe_i1_2_0_, ingredient0_.ingredients as ingredie2_2_0_ from recipe_ingredients ingredient0_ where ingredient0_.recipe_id=?
?[0m?[0;34mHibernate: select directions0_.recipe_id as recipe_i1_1_0_, directions0_.directions as directio2_1_0_ from recipe_directions directions0_ where directions0_.recipe_id=?
?[0m?[0;34mHibernate: select ingredient0_.recipe_id as recipe_i1_2_0_, ingredient0_.ingredients as ingredie2_2_0_ from recipe_ingredients ingredient0_ where ingredient0_.recipe_id=?
?[0m?[0;34mHibernate: select directions0_.recipe_id as recipe_i1_1_0_, directions0_.directions as directio2_1_0_ from recipe_directions directions0_ where directions0_.recipe_id=?
?[0m?[0;34mHibernate: select ingredient0_.recipe_id as recipe_i1_2_0_, ingredient0_.ingredients as ingredie2_2_0_ from recipe_ingredients ingredient0_ where ingredient0_.recipe_id=?
?[0m?[0;34mHibernate: select directions0_.recipe_id as recipe_i1_1_0_, directions0_.directions as directio2_1_0_ from recipe_directions directions0_ where directions0_.recipe_id=?
?[0m?[0;34mHibernate: select ingredient0_.recipe_id as recipe_i1_2_0_, ingredient0_.ingredients as ingredie2_2_0_ from recipe_ingredients ingredient0_ where ingredient0_.recipe_id=?
?[0m?[0;34mHibernate: select directions0_.recipe_id as recipe_i1_1_0_, directions0_.directions as directio2_1_0_ from recipe_directions directions0_ where directions0_.recipe_id=?
?[0m?[0;34mHibernate: select ingredient0_.recipe_id as recipe_i1_2_0_, ingredient0_.ingredients as ingredie2_2_0_ from recipe_ingredients ingredient0_ where ingredient0_.recipe_id=?
?[0m?[0;34mHibernate: select directions0_.recipe_id as recipe_i1_1_0_, directions0_.directions as directio2_1_0_ from recipe_directions directions0_ where directions0_.recipe_id=?
?[0m?[0;34mHibernate: select ingredient0_.recipe_id as recipe_i1_2_0_, ingredient0_.ingredients as ingredie2_2_0_ from recipe_ingredients ingredient0_ where ingredient0_.recipe_id=?
?[0m?[0;34mHibernate: select directions0_.recipe_id as recipe_i1_1_0_, directions0_.directions as directio2_1_0_ from recipe_directions directions0_ where directions0_.recipe_id=?
?[1;31m
Start test 36?[0m
?[0m?[0;34mHibernate: select user0_.email as email1_3_0_, user0_.password as password2_3_0_ from user user0_ where user0_.email=?
?[0m?[0;34mHibernate: select recipe0_.id as id1_0_, recipe0_.category as category2_0_, recipe0_.date as date3_0_, recipe0_.description as descript4_0_, recipe0_.name as name5_0_, recipe0_.user as user6_0_ from recipe recipe0_ where upper(recipe0_.name) like upper(?) escape ?
?[0m?[0;34mHibernate: select ingredient0_.recipe_id as recipe_i1_2_0_, ingredient0_.ingredients as ingredie2_2_0_ from recipe_ingredients ingredient0_ where ingredient0_.recipe_id=?
?[0m?[0;34mHibernate: select directions0_.recipe_id as recipe_i1_1_0_, directions0_.directions as directio2_1_0_ from recipe_directions directions0_ where directions0_.recipe_id=?
?[0m?[0;34mHibernate: select ingredient0_.recipe_id as recipe_i1_2_0_, ingredient0_.ingredients as ingredie2_2_0_ from recipe_ingredients ingredient0_ where ingredient0_.recipe_id=?
?[0m?[0;34mHibernate: select directions0_.recipe_id as recipe_i1_1_0_, directions0_.directions as directio2_1_0_ from recipe_directions directions0_ where directions0_.recipe_id=?
?[0m?[0;34mHibernate: select ingredient0_.recipe_id as recipe_i1_2_0_, ingredient0_.ingredients as ingredie2_2_0_ from recipe_ingredients ingredient0_ where ingredient0_.recipe_id=?
?[0m?[0;34mHibernate: select directions0_.recipe_id as recipe_i1_1_0_, directions0_.directions as directio2_1_0_ from recipe_directions directions0_ where directions0_.recipe_id=?
?[0m?[0;34mHibernate: select ingredient0_.recipe_id as recipe_i1_2_0_, ingredient0_.ingredients as ingredie2_2_0_ from recipe_ingredients ingredient0_ where ingredient0_.recipe_id=?
?[0m?[0;34mHibernate: select directions0_.recipe_id as recipe_i1_1_0_, directions0_.directions as directio2_1_0_ from recipe_directions directions0_ where directions0_.recipe_id=?
?[0m?[0;34mHibernate: select ingredient0_.recipe_id as recipe_i1_2_0_, ingredient0_.ingredients as ingredie2_2_0_ from recipe_ingredients ingredient0_ where ingredient0_.recipe_id=?
?[0m?[0;34mHibernate: select directions0_.recipe_id as recipe_i1_1_0_, directions0_.directions as directio2_1_0_ from recipe_directions directions0_ where directions0_.recipe_id=?
?[0m?[0;34mHibernate: select ingredient0_.recipe_id as recipe_i1_2_0_, ingredient0_.ingredients as ingredie2_2_0_ from recipe_ingredients ingredient0_ where ingredient0_.recipe_id=?
?[0m?[0;34mHibernate: select directions0_.recipe_id as recipe_i1_1_0_, directions0_.directions as directio2_1_0_ from recipe_directions directions0_ where directions0_.recipe_id=?
?[1;31m
Start test 37?[0m
?[0m?[0;34mHibernate: select user0_.email as email1_3_0_, user0_.password as password2_3_0_ from user user0_ where user0_.email=?
?[0m?[0;34mHibernate: select recipe0_.id as id1_0_, recipe0_.category as category2_0_, recipe0_.date as date3_0_, recipe0_.description as descript4_0_, recipe0_.name as name5_0_, recipe0_.user as user6_0_ from recipe recipe0_ where upper(recipe0_.category)=upper(?)
?[1;31m
Start test 38?[0m
?[0m?[0;34mHibernate: select user0_.email as email1_3_0_, user0_.password as password2_3_0_ from user user0_ where user0_.email=?
?[0m?[0;34mHibernate: select recipe0_.id as id1_0_, recipe0_.category as category2_0_, recipe0_.date as date3_0_, recipe0_.description as descript4_0_, recipe0_.name as name5_0_, recipe0_.user as user6_0_ from recipe recipe0_ where upper(recipe0_.name) like upper(?) escape ?
?[1;31m
Start test 39?[0m
?[0m?[0;34mHibernate: select user0_.email as email1_3_0_, user0_.password as password2_3_0_ from user user0_ where user0_.email=?
?[1;31m
Start test 40?[0m
?[0m?[0;34mHibernate: select user0_.email as email1_3_0_, user0_.password as password2_3_0_ from user user0_ where user0_.email=?
?[1;31m
Start test 41?[0m
?[0m?[0;34mHibernate: select user0_.email as email1_3_0_, user0_.password as password2_3_0_ from user user0_ where user0_.email=?
?[1;31m
Start test 42?[0m
?[0m?[0;34mHibernate: select user0_.email as email1_3_0_, user0_.password as password2_3_0_ from user user0_ where user0_.email=?
?[1;31m
Start test 43?[0m
?[0m?[0;34mHibernate: select user0_.email as email1_3_0_, user0_.password as password2_3_0_ from user user0_ where user0_.email=?
?[0m?[0;34m2022-11-03 11:12:35.491  WARN 14340 --- [io-8881-exec-10] .w.s.m.s.DefaultHandlerExceptionResolver : Resolved [org.springframework.web.bind.MethodArgumentNotValidException: Validation failed for argument [0] in public org.springframework.http.ResponseEntity<java.util.Map<java.lang.String, java.lang.Integer>> recipes.controllers.RecipeController.postRecipe(recipes.models.Recipe,org.springframework.security.core.Authentication): [Field error in object 'recipe' on field 'name': rejected value [null]; codes [NotBlank.recipe.name,NotBlank.name,NotBlank.java.lang.String,NotBlank]; arguments [org.springframework.context.support.DefaultMessageSourceResolvable: codes [recipe.name,name]; arguments []; default message [name]]; default message [must not be blank]] ]
?[1;31m
Start test 44?[0m
?[0m?[0;34mHibernate: select user0_.email as email1_3_0_, user0_.password as password2_3_0_ from user user0_ where user0_.email=?
?[0m?[0;34m2022-11-03 11:12:35.630  WARN 14340 --- [nio-8881-exec-1] .w.s.m.s.DefaultHandlerExceptionResolver : Resolved [org.springframework.web.bind.MethodArgumentNotValidException: Validation failed for argument [0] in public org.springframework.http.ResponseEntity<java.util.Map<java.lang.String, java.lang.Integer>> recipes.controllers.RecipeController.postRecipe(recipes.models.Recipe,org.springframework.security.core.Authentication): [Field error in object 'recipe' on field 'category': rejected value [null]; codes [NotBlank.recipe.category,NotBlank.category,NotBlank.java.lang.String,NotBlank]; arguments [org.springframework.context.support.DefaultMessageSourceResolvable: codes [recipe.category,category]; arguments []; default message [category]]; default message [must not be blank]] ]
?[1;31m
Start test 45?[0m
?[0m?[0;34mHibernate: select user0_.email as email1_3_0_, user0_.password as password2_3_0_ from user user0_ where user0_.email=?
?[0m?[0;34m2022-11-03 11:12:35.754  WARN 14340 --- [nio-8881-exec-2] .w.s.m.s.DefaultHandlerExceptionResolver : Resolved [org.springframework.web.bind.MethodArgumentNotValidException: Validation failed for argument [0] in public org.springframework.http.ResponseEntity<java.util.Map<java.lang.String, java.lang.Integer>> recipes.controllers.RecipeController.postRecipe(recipes.models.Recipe,org.springframework.security.core.Authentication): [Field error in object 'recipe' on field 'description': rejected value [null]; codes [NotBlank.recipe.description,NotBlank.description,NotBlank.java.lang.String,NotBlank]; arguments [org.springframework.context.support.DefaultMessageSourceResolvable: codes [recipe.description,description]; arguments []; default message [description]]; default message [must not be blank]] ]
?[1;31m
Start test 46?[0m
?[0m?[0;34mHibernate: select user0_.email as email1_3_0_, user0_.password as password2_3_0_ from user user0_ where user0_.email=?
?[0m?[0;34m2022-11-03 11:12:35.876  WARN 14340 --- [nio-8881-exec-3] .w.s.m.s.DefaultHandlerExceptionResolver : Resolved [org.springframework.web.bind.MethodArgumentNotValidException: Validation failed for argument [0] in public org.springframework.http.ResponseEntity<java.util.Map<java.lang.String, java.lang.Integer>> recipes.controllers.RecipeController.postRecipe(recipes.models.Recipe,org.springframework.security.core.Authentication): [Field error in object 'recipe' on field 'ingredients': rejected value [null]; codes [NotEmpty.recipe.ingredients,NotEmpty.ingredients,NotEmpty.java.util.List,NotEmpty]; arguments [org.springframework.context.support.DefaultMessageSourceResolvable: codes [recipe.ingredients,ingredients]; arguments []; default message [ingredients]]; default message [must not be empty]] ]
?[1;31m
Start test 47?[0m
?[0m?[0;34mHibernate: select user0_.email as email1_3_0_, user0_.password as password2_3_0_ from user user0_ where user0_.email=?
?[0m?[0;34m2022-11-03 11:12:36.011  WARN 14340 --- [nio-8881-exec-4] .w.s.m.s.DefaultHandlerExceptionResolver : Resolved [org.springframework.web.bind.MethodArgumentNotValidException: Validation failed for argument [0] in public org.springframework.http.ResponseEntity<java.util.Map<java.lang.String, java.lang.Integer>> recipes.controllers.RecipeController.postRecipe(recipes.models.Recipe,org.springframework.security.core.Authentication): [Field error in object 'recipe' on field 'directions': rejected value [null]; codes [NotEmpty.recipe.directions,NotEmpty.directions,NotEmpty.java.util.List,NotEmpty]; arguments [org.springframework.context.support.DefaultMessageSourceResolvable: codes [recipe.directions,directions]; arguments []; default message [directions]]; default message [must not be empty]] ]
?[1;31m
Start test 48?[0m
?[0m?[0;34mHibernate: select user0_.email as email1_3_0_, user0_.password as password2_3_0_ from user user0_ where user0_.email=?
?[0m?[0;34m2022-11-03 11:12:36.197  WARN 14340 --- [nio-8881-exec-5] .w.s.m.s.DefaultHandlerExceptionResolver : Resolved [org.springframework.web.bind.MethodArgumentNotValidException: Validation failed for argument [0] in public org.springframework.http.ResponseEntity<java.util.Map<java.lang.String, java.lang.Integer>> recipes.controllers.RecipeController.postRecipe(recipes.models.Recipe,org.springframework.security.core.Authentication): [Field error in object 'recipe' on field 'name': rejected value [  ]; codes [NotBlank.recipe.name,NotBlank.name,NotBlank.java.lang.String,NotBlank]; arguments [org.springframework.context.support.DefaultMessageSourceResolvable: codes [recipe.name,name]; arguments []; default message [name]]; default message [must not be blank]] ]
?[1;31m
Start test 49?[0m
?[0m?[0;34mHibernate: select user0_.email as email1_3_0_, user0_.password as password2_3_0_ from user user0_ where user0_.email=?
?[0m?[0;34m2022-11-03 11:12:36.381  WARN 14340 --- [nio-8881-exec-6] .w.s.m.s.DefaultHandlerExceptionResolver : Resolved [org.springframework.web.bind.MethodArgumentNotValidException: Validation failed for argument [0] in public org.springframework.http.ResponseEntity<java.util.Map<java.lang.String, java.lang.Integer>> recipes.controllers.RecipeController.postRecipe(recipes.models.Recipe,org.springframework.security.core.Authentication): [Field error in object 'recipe' on field 'category': rejected value [  ]; codes [NotBlank.recipe.category,NotBlank.category,NotBlank.java.lang.String,NotBlank]; arguments [org.springframework.context.support.DefaultMessageSourceResolvable: codes [recipe.category,category]; arguments []; default message [category]]; default message [must not be blank]] ]
?[1;31m
Start test 50?[0m
?[0m?[0;34mHibernate: select user0_.email as email1_3_0_, user0_.password as password2_3_0_ from user user0_ where user0_.email=?
?[0m?[0;34m2022-11-03 11:12:36.573  WARN 14340 --- [nio-8881-exec-7] .w.s.m.s.DefaultHandlerExceptionResolver : Resolved [org.springframework.web.bind.MethodArgumentNotValidException: Validation failed for argument [0] in public org.springframework.http.ResponseEntity<java.util.Map<java.lang.String, java.lang.Integer>> recipes.controllers.RecipeController.postRecipe(recipes.models.Recipe,org.springframework.security.core.Authentication): [Field error in object 'recipe' on field 'description': rejected value [  ]; codes [NotBlank.recipe.description,NotBlank.description,NotBlank.java.lang.String,NotBlank]; arguments [org.springframework.context.support.DefaultMessageSourceResolvable: codes [recipe.description,description]; arguments []; default message [description]]; default message [must not be blank]] ]
?[1;31m
Start test 51?[0m
?[0m?[0;34mHibernate: select user0_.email as email1_3_0_, user0_.password as password2_3_0_ from user user0_ where user0_.email=?
?[0m?[0;34m2022-11-03 11:12:36.720  WARN 14340 --- [nio-8881-exec-8] .w.s.m.s.DefaultHandlerExceptionResolver : Resolved [org.springframework.web.bind.MethodArgumentNotValidException: Validation failed for argument [0] in public org.springframework.http.ResponseEntity<java.util.Map<java.lang.String, java.lang.Integer>> recipes.controllers.RecipeController.postRecipe(recipes.models.Recipe,org.springframework.security.core.Authentication): [Field error in object 'recipe' on field 'ingredients': rejected value [[]]; codes [NotEmpty.recipe.ingredients,NotEmpty.ingredients,NotEmpty.java.util.List,NotEmpty]; arguments [org.springframework.context.support.DefaultMessageSourceResolvable: codes [recipe.ingredients,ingredients]; arguments []; default message [ingredients]]; default message [must not be empty]] ]
?[1;31m
Start test 52?[0m
?[0m?[0;34mHibernate: select user0_.email as email1_3_0_, user0_.password as password2_3_0_ from user user0_ where user0_.email=?
?[0m?[0;34m2022-11-03 11:12:36.902  WARN 14340 --- [nio-8881-exec-9] .w.s.m.s.DefaultHandlerExceptionResolver : Resolved [org.springframework.web.bind.MethodArgumentNotValidException: Validation failed for argument [0] in public org.springframework.http.ResponseEntity<java.util.Map<java.lang.String, java.lang.Integer>> recipes.controllers.RecipeController.postRecipe(recipes.models.Recipe,org.springframework.security.core.Authentication): [Field error in object 'recipe' on field 'directions': rejected value [[]]; codes [NotEmpty.recipe.directions,NotEmpty.directions,NotEmpty.java.util.List,NotEmpty]; arguments [org.springframework.context.support.DefaultMessageSourceResolvable: codes [recipe.directions,directions]; arguments []; default message [directions]]; default message [must not be empty]] ]
?[1;31m
Start test 53?[0m
?[0m?[0;34mHibernate: select user0_.email as email1_3_0_, user0_.password as password2_3_0_ from user user0_ where user0_.email=?
?[0m?[0;34m2022-11-03 11:12:37.050  WARN 14340 --- [io-8881-exec-10] .w.s.m.s.DefaultHandlerExceptionResolver : Resolved [org.springframework.web.bind.MethodArgumentNotValidException: Validation failed for argument [1] in public org.springframework.http.ResponseEntity<java.lang.String> recipes.controllers.RecipeController.updateRecipe(int,recipes.models.Recipe,org.springframework.security.core.Authentication): [Field error in object 'recipe' on field 'name': rejected value [null]; codes [NotBlank.recipe.name,NotBlank.name,NotBlank.java.lang.String,NotBlank]; arguments [org.springframework.context.support.DefaultMessageSourceResolvable: codes [recipe.name,name]; arguments []; default message [name]]; default message [must not be blank]] ]
?[1;31m
Start test 54?[0m
?[0m?[0;34mHibernate: select user0_.email as email1_3_0_, user0_.password as password2_3_0_ from user user0_ where user0_.email=?
?[0m?[0;34m2022-11-03 11:12:37.186  WARN 14340 --- [nio-8881-exec-1] .w.s.m.s.DefaultHandlerExceptionResolver : Resolved [org.springframework.web.bind.MethodArgumentNotValidException: Validation failed for argument [1] in public org.springframework.http.ResponseEntity<java.lang.String> recipes.controllers.RecipeController.updateRecipe(int,recipes.models.Recipe,org.springframework.security.core.Authentication): [Field error in object 'recipe' on field 'category': rejected value [null]; codes [NotBlank.recipe.category,NotBlank.category,NotBlank.java.lang.String,NotBlank]; arguments [org.springframework.context.support.DefaultMessageSourceResolvable: codes [recipe.category,category]; arguments []; default message [category]]; default message [must not be blank]] ]
?[1;31m
Start test 55?[0m
?[0m?[0;34mHibernate: select user0_.email as email1_3_0_, user0_.password as password2_3_0_ from user user0_ where user0_.email=?
?[0m?[0;34m2022-11-03 11:12:37.316  WARN 14340 --- [nio-8881-exec-2] .w.s.m.s.DefaultHandlerExceptionResolver : Resolved [org.springframework.web.bind.MethodArgumentNotValidException: Validation failed for argument [1] in public org.springframework.http.ResponseEntity<java.lang.String> recipes.controllers.RecipeController.updateRecipe(int,recipes.models.Recipe,org.springframework.security.core.Authentication): [Field error in object 'recipe' on field 'description': rejected value [null]; codes [NotBlank.recipe.description,NotBlank.description,NotBlank.java.lang.String,NotBlank]; arguments [org.springframework.context.support.DefaultMessageSourceResolvable: codes [recipe.description,description]; arguments []; default message [description]]; default message [must not be blank]] ]
?[1;31m
Start test 56?[0m
?[0m?[0;34mHibernate: select user0_.email as email1_3_0_, user0_.password as password2_3_0_ from user user0_ where user0_.email=?
?[0m?[0;34m2022-11-03 11:12:37.495  WARN 14340 --- [nio-8881-exec-3] .w.s.m.s.DefaultHandlerExceptionResolver : Resolved [org.springframework.web.bind.MethodArgumentNotValidException: Validation failed for argument [1] in public org.springframework.http.ResponseEntity<java.lang.String> recipes.controllers.RecipeController.updateRecipe(int,recipes.models.Recipe,org.springframework.security.core.Authentication): [Field error in object 'recipe' on field 'ingredients': rejected value [null]; codes [NotEmpty.recipe.ingredients,NotEmpty.ingredients,NotEmpty.java.util.List,NotEmpty]; arguments [org.springframework.context.support.DefaultMessageSourceResolvable: codes [recipe.ingredients,ingredients]; arguments []; default message [ingredients]]; default message [must not be empty]] ]
?[1;31m
Start test 57?[0m
?[0m?[0;34mHibernate: select user0_.email as email1_3_0_, user0_.password as password2_3_0_ from user user0_ where user0_.email=?
?[0m?[0;34m2022-11-03 11:12:37.658  WARN 14340 --- [nio-8881-exec-4] .w.s.m.s.DefaultHandlerExceptionResolver : Resolved [org.springframework.web.bind.MethodArgumentNotValidException: Validation failed for argument [1] in public org.springframework.http.ResponseEntity<java.lang.String> recipes.controllers.RecipeController.updateRecipe(int,recipes.models.Recipe,org.springframework.security.core.Authentication): [Field error in object 'recipe' on field 'directions': rejected value [null]; codes [NotEmpty.recipe.directions,NotEmpty.directions,NotEmpty.java.util.List,NotEmpty]; arguments [org.springframework.context.support.DefaultMessageSourceResolvable: codes [recipe.directions,directions]; arguments []; default message [directions]]; default message [must not be empty]] ]
?[1;31m
Start test 58?[0m
?[0m?[0;34mHibernate: select user0_.email as email1_3_0_, user0_.password as password2_3_0_ from user user0_ where user0_.email=?
?[0m?[0;34m2022-11-03 11:12:37.837  WARN 14340 --- [nio-8881-exec-5] .w.s.m.s.DefaultHandlerExceptionResolver : Resolved [org.springframework.web.bind.MethodArgumentNotValidException: Validation failed for argument [1] in public org.springframework.http.ResponseEntity<java.lang.String> recipes.controllers.RecipeController.updateRecipe(int,recipes.models.Recipe,org.springframework.security.core.Authentication): [Field error in object 'recipe' on field 'name': rejected value [  ]; codes [NotBlank.recipe.name,NotBlank.name,NotBlank.java.lang.String,NotBlank]; arguments [org.springframework.context.support.DefaultMessageSourceResolvable: codes [recipe.name,name]; arguments []; default message [name]]; default message [must not be blank]] ]
?[1;31m
Start test 59?[0m
?[0m?[0;34mHibernate: select user0_.email as email1_3_0_, user0_.password as password2_3_0_ from user user0_ where user0_.email=?
?[0m?[0;34m2022-11-03 11:12:38.058  WARN 14340 --- [nio-8881-exec-6] .w.s.m.s.DefaultHandlerExceptionResolver : Resolved [org.springframework.web.bind.MethodArgumentNotValidException: Validation failed for argument [1] in public org.springframework.http.ResponseEntity<java.lang.String> recipes.controllers.RecipeController.updateRecipe(int,recipes.models.Recipe,org.springframework.security.core.Authentication): [Field error in object 'recipe' on field 'category': rejected value [  ]; codes [NotBlank.recipe.category,NotBlank.category,NotBlank.java.lang.String,NotBlank]; arguments [org.springframework.context.support.DefaultMessageSourceResolvable: codes [recipe.category,category]; arguments []; default message [category]]; default message [must not be blank]] ]
?[1;31m
Start test 60?[0m
?[0m?[0;34mHibernate: select user0_.email as email1_3_0_, user0_.password as password2_3_0_ from user user0_ where user0_.email=?
?[0m?[0;34m2022-11-03 11:12:38.295  WARN 14340 --- [nio-8881-exec-7] .w.s.m.s.DefaultHandlerExceptionResolver : Resolved [org.springframework.web.bind.MethodArgumentNotValidException: Validation failed for argument [1] in public org.springframework.http.ResponseEntity<java.lang.String> recipes.controllers.RecipeController.updateRecipe(int,recipes.models.Recipe,org.springframework.security.core.Authentication): [Field error in object 'recipe' on field 'description': rejected value [  ]; codes [NotBlank.recipe.description,NotBlank.description,NotBlank.java.lang.String,NotBlank]; arguments [org.springframework.context.support.DefaultMessageSourceResolvable: codes [recipe.description,description]; arguments []; default message [description]]; default message [must not be blank]] ]
?[1;31m
Start test 61?[0m
?[0m?[0;34mHibernate: select user0_.email as email1_3_0_, user0_.password as password2_3_0_ from user user0_ where user0_.email=?
?[0m?[0;34m2022-11-03 11:12:38.500  WARN 14340 --- [nio-8881-exec-8] .w.s.m.s.DefaultHandlerExceptionResolver : Resolved [org.springframework.web.bind.MethodArgumentNotValidException: Validation failed for argument [1] in public org.springframework.http.ResponseEntity<java.lang.String> recipes.controllers.RecipeController.updateRecipe(int,recipes.models.Recipe,org.springframework.security.core.Authentication): [Field error in object 'recipe' on field 'ingredients': rejected value [[]]; codes [NotEmpty.recipe.ingredients,NotEmpty.ingredients,NotEmpty.java.util.List,NotEmpty]; arguments [org.springframework.context.support.DefaultMessageSourceResolvable: codes [recipe.ingredients,ingredients]; arguments []; default message [ingredients]]; default message [must not be empty]] ]
?[1;31m
Start test 62?[0m
?[0m?[0;34mHibernate: select user0_.email as email1_3_0_, user0_.password as password2_3_0_ from user user0_ where user0_.email=?
?[0m?[0;34m2022-11-03 11:12:38.681  WARN 14340 --- [nio-8881-exec-9] .w.s.m.s.DefaultHandlerExceptionResolver : Resolved [org.springframework.web.bind.MethodArgumentNotValidException: Validation failed for argument [1] in public org.springframework.http.ResponseEntity<java.lang.String> recipes.controllers.RecipeController.updateRecipe(int,recipes.models.Recipe,org.springframework.security.core.Authentication): [Field error in object 'recipe' on field 'directions': rejected value [[]]; codes [NotEmpty.recipe.directions,NotEmpty.directions,NotEmpty.java.util.List,NotEmpty]; arguments [org.springframework.context.support.DefaultMessageSourceResolvable: codes [recipe.directions,directions]; arguments []; default message [directions]]; default message [must not be empty]] ]
?[1;31m
Start test 63?[0m
?[0;34m2022-11-03 11:12:39.310  INFO 14340 --- [       Thread-7] j.LocalContainerEntityManagerFactoryBean : Closing JPA EntityManagerFactory for persistence unit 'default'
?[0m?[0;34m2022-11-03 11:12:39.312  INFO 14340 --- [       Thread-7] com.zaxxer.hikari.HikariDataSource       : HikariPool-2 - Shutdown initiated...
?[0m?[0;34m2022-11-03 11:12:39.365  INFO 14340 --- [       Thread-7] com.zaxxer.hikari.HikariDataSource       : HikariPool-2 - Shutdown completed.
?[0;34m
?[0m?[0;34m  .   ____          _            __ _ _
?[0m?[0;34m /\\ / ___'_ __ _ _(_)_ __  __ _ \ \ \ \
?[0m?[0;34m( ( )\___ | '_ | '_| | '_ \/ _` | \ \ \ \
?[0m?[0;34m \\/  ___)| |_)| | | | | || (_| |  ) ) ) )
?[0m?[0;34m  '  |____| .__|_| |_|_| |_\__, | / / / /
?[0m?[0;34m =========|_|==============|___/=/_/_/_/
?[0m?[0;34m :: Spring Boot ::                (v2.5.6)
?[0m?[0;34m
?[0m?[0;34m2022-11-03 11:12:49.736  INFO 14340 --- [    Test worker] recipes.RecipesApplication               : Starting RecipesApplication using Java 17.0.3 on DESKTOP-1NFTNE0 with PID 14340 (started by pc in C:\Users\pc\Documents\Java Programs\Recipes\Recipes\task)
?[0m?[0;34m2022-11-03 11:12:49.736  INFO 14340 --- [    Test worker] recipes.RecipesApplication               : No active profile set, falling back to default profiles: default
?[0m?[0;34m2022-11-03 11:12:50.306  INFO 14340 --- [    Test worker] .s.d.r.c.RepositoryConfigurationDelegate : Bootstrapping Spring Data JPA repositories in DEFAULT mode.
?[0m?[0;34m2022-11-03 11:12:50.326  INFO 14340 --- [    Test worker] .s.d.r.c.RepositoryConfigurationDelegate : Finished Spring Data repository scanning in 19 ms. Found 2 JPA repository interfaces.
?[0m?[0;34m2022-11-03 11:12:50.451  INFO 14340 --- [    Test worker] o.s.b.w.embedded.tomcat.TomcatWebServer  : Tomcat initialized with port(s): 8881 (http)
?[0m?[0;34m2022-11-03 11:12:50.453  INFO 14340 --- [    Test worker] o.apache.catalina.core.StandardService   : Starting service [Tomcat]
?[0m?[0;34m2022-11-03 11:12:50.453  INFO 14340 --- [    Test worker] org.apache.catalina.core.StandardEngine  : Starting Servlet engine: [Apache Tomcat/9.0.54]
?[0m?[0;34m2022-11-03 11:12:50.501  INFO 14340 --- [    Test worker] o.a.c.c.C.[Tomcat].[localhost].[/]       : Initializing Spring embedded WebApplicationContext
?[0m?[0;34m2022-11-03 11:12:50.502  INFO 14340 --- [    Test worker] w.s.c.ServletWebServerApplicationContext : Root WebApplicationContext: initialization completed in 751 ms
?[0m?[0;34m2022-11-03 11:12:50.550  INFO 14340 --- [    Test worker] com.zaxxer.hikari.HikariDataSource       : HikariPool-3 - Starting...
?[0m?[0;34m2022-11-03 11:12:50.561  INFO 14340 --- [    Test worker] com.zaxxer.hikari.HikariDataSource       : HikariPool-3 - Start completed.
?[0m?[0;34m2022-11-03 11:12:50.561  INFO 14340 --- [    Test worker] o.s.b.a.h2.H2ConsoleAutoConfiguration    : H2 console available at '/h2'. Database available at 'jdbc:h2:file:../recipes_db'
?[0m?[0;34m2022-11-03 11:12:50.624  INFO 14340 --- [    Test worker] o.hibernate.jpa.internal.util.LogHelper  : HHH000204: Processing PersistenceUnitInfo [name: default]
?[0m?[0;34m2022-11-03 11:12:50.636  INFO 14340 --- [    Test worker] org.hibernate.dialect.Dialect            : HHH000400: Using dialect: org.hibernate.dialect.H2Dialect
?[0m?[0;34m2022-11-03 11:12:50.727  INFO 14340 --- [    Test worker] o.h.e.t.j.p.i.JtaPlatformInitiator       : HHH000490: Using JtaPlatform implementation: [org.hibernate.engine.transaction.jta.platform.internal.NoJtaPlatform]
?[0m?[0;34m2022-11-03 11:12:50.728  INFO 14340 --- [    Test worker] j.LocalContainerEntityManagerFactoryBean : Initialized JPA EntityManagerFactory for persistence unit 'default'
?[0m?[0;34m2022-11-03 11:12:50.762  WARN 14340 --- [    Test worker] JpaBaseConfiguration$JpaWebConfiguration : spring.jpa.open-in-view is enabled by default. Therefore, database queries may be performed during view rendering. Explicitly configure spring.jpa.open-in-view to disable this warning
?[0m?[0;34m2022-11-03 11:12:51.047  INFO 14340 --- [    Test worker] o.s.b.a.e.web.EndpointLinksResolver      : Exposing 14 endpoint(s) beneath base path '/actuator'
?[0m?[0;34m2022-11-03 11:12:51.063  INFO 14340 --- [    Test worker] o.s.s.web.DefaultSecurityFilterChain     : Will secure any request with [org.springframework.security.web.context.request.async.WebAsyncManagerIntegrationFilter@3e0eb917, org.springframework.security.web.context.SecurityContextPersistenceFilter@32b19d03, org.springframework.security.web.header.HeaderWriterFilter@1bd97254, org.springframework.security.web.authentication.logout.LogoutFilter@3aafa1c1, org.springframework.security.web.authentication.www.BasicAuthenticationFilter@6a4ba6f4, org.springframework.security.web.savedrequest.RequestCacheAwareFilter@3f8090db, org.springframework.security.web.servletapi.SecurityContextHolderAwareRequestFilter@6f1b0ead, org.springframework.security.web.authentication.AnonymousAuthenticationFilter@589dac96, org.springframework.security.web.session.SessionManagementFilter@388a6656, org.springframework.security.web.access.ExceptionTranslationFilter@2c1ffb9, org.springframework.security.web.access.intercept.FilterSecurityInterceptor@492d0748]
?[0m?[0;34m2022-11-03 11:12:51.215  INFO 14340 --- [    Test worker] o.s.b.w.embedded.tomcat.TomcatWebServer  : Tomcat started on port(s): 8881 (http) with context path ''
?[0m?[0;34m2022-11-03 11:12:51.229  INFO 14340 --- [    Test worker] recipes.RecipesApplication               : Started RecipesApplication in 1.61 seconds (JVM running for 51.69)
?[0m?[1;31m
Start test 64?[0m
?[0;34m2022-11-03 11:12:51.248  INFO 14340 --- [nio-8881-exec-1] o.a.c.c.C.[Tomcat].[localhost].[/]       : Initializing Spring DispatcherServlet 'dispatcherServlet'
?[0m?[0;34m2022-11-03 11:12:51.248  INFO 14340 --- [nio-8881-exec-1] o.s.web.servlet.DispatcherServlet        : Initializing Servlet 'dispatcherServlet'
?[0m?[0;34m2022-11-03 11:12:51.252  INFO 14340 --- [nio-8881-exec-1] o.s.web.servlet.DispatcherServlet        : Completed initialization in 4 ms
?[0m?[0;34mHibernate: select user0_.email as email1_3_0_, user0_.password as password2_3_0_ from user user0_ where user0_.email=?
?[0m?[0;34mHibernate: call next value for hibernate_sequence
?[0m?[0;34mHibernate: insert into recipe (category, date, description, name, user, id) values (?, ?, ?, ?, ?, ?)
?[0m?[0;34mHibernate: insert into recipe_directions (recipe_id, directions) values (?, ?)
?[0m?[0;34mHibernate: insert into recipe_directions (recipe_id, directions) values (?, ?)
?[0m?[0;34mHibernate: insert into recipe_directions (recipe_id, directions) values (?, ?)
?[0m?[0;34mHibernate: insert into recipe_directions (recipe_id, directions) values (?, ?)
?[0m?[0;34mHibernate: insert into recipe_directions (recipe_id, directions) values (?, ?)
?[0m?[0;34mHibernate: insert into recipe_ingredients (recipe_id, ingredients) values (?, ?)
?[0m?[0;34mHibernate: insert into recipe_ingredients (recipe_id, ingredients) values (?, ?)
?[0m?[0;34mHibernate: insert into recipe_ingredients (recipe_id, ingredients) values (?, ?)
?[1;31m
Start test 65?[0m
?[0;34mHibernate: select user0_.email as email1_3_0_, user0_.password as password2_3_0_ from user user0_ where user0_.email=?
?[0m?[0;34mHibernate: select recipe0_.id as id1_0_0_, recipe0_.category as category2_0_0_, recipe0_.date as date3_0_0_, recipe0_.description as descript4_0_0_, recipe0_.name as name5_0_0_, recipe0_.user as user6_0_0_ from recipe recipe0_ where recipe0_.id=?
?[0m?[0;34mHibernate: select ingredient0_.recipe_id as recipe_i1_2_0_, ingredient0_.ingredients as ingredie2_2_0_ from recipe_ingredients ingredient0_ where ingredient0_.recipe_id=?
?[0m?[0;34mHibernate: select directions0_.recipe_id as recipe_i1_1_0_, directions0_.directions as directio2_1_0_ from recipe_directions directions0_ where directions0_.recipe_id=?
?[1;31m
Start test 66?[0m
?[0;34mHibernate: select user0_.email as email1_3_0_, user0_.password as password2_3_0_ from user user0_ where user0_.email=?
?[0m?[0;34mHibernate: select recipe0_.id as id1_0_, recipe0_.category as category2_0_, recipe0_.date as date3_0_, recipe0_.description as descript4_0_, recipe0_.name as name5_0_, recipe0_.user as user6_0_ from recipe recipe0_ where upper(recipe0_.category)=upper(?)
?[0m?[0;34mHibernate: select ingredient0_.recipe_id as recipe_i1_2_0_, ingredient0_.ingredients as ingredie2_2_0_ from recipe_ingredients ingredient0_ where ingredient0_.recipe_id=?
?[0m?[0;34mHibernate: select directions0_.recipe_id as recipe_i1_1_0_, directions0_.directions as directio2_1_0_ from recipe_directions directions0_ where directions0_.recipe_id=?
?[0m?[0;34mHibernate: select ingredient0_.recipe_id as recipe_i1_2_0_, ingredient0_.ingredients as ingredie2_2_0_ from recipe_ingredients ingredient0_ where ingredient0_.recipe_id=?
?[0m?[0;34mHibernate: select directions0_.recipe_id as recipe_i1_1_0_, directions0_.directions as directio2_1_0_ from recipe_directions directions0_ where directions0_.recipe_id=?
?[0m?[0;34mHibernate: select ingredient0_.recipe_id as recipe_i1_2_0_, ingredient0_.ingredients as ingredie2_2_0_ from recipe_ingredients ingredient0_ where ingredient0_.recipe_id=?
?[0m?[0;34mHibernate: select directions0_.recipe_id as recipe_i1_1_0_, directions0_.directions as directio2_1_0_ from recipe_directions directions0_ where directions0_.recipe_id=?
?[0m?[0;34mHibernate: select ingredient0_.recipe_id as recipe_i1_2_0_, ingredient0_.ingredients as ingredie2_2_0_ from recipe_ingredients ingredient0_ where ingredient0_.recipe_id=?
?[0m?[0;34mHibernate: select directions0_.recipe_id as recipe_i1_1_0_, directions0_.directions as directio2_1_0_ from recipe_directions directions0_ where directions0_.recipe_id=?
?[0m?[0;34mHibernate: select ingredient0_.recipe_id as recipe_i1_2_0_, ingredient0_.ingredients as ingredie2_2_0_ from recipe_ingredients ingredient0_ where ingredient0_.recipe_id=?
?[0m?[0;34mHibernate: select directions0_.recipe_id as recipe_i1_1_0_, directions0_.directions as directio2_1_0_ from recipe_directions directions0_ where directions0_.recipe_id=?
?[0m?[0;34mHibernate: select ingredient0_.recipe_id as recipe_i1_2_0_, ingredient0_.ingredients as ingredie2_2_0_ from recipe_ingredients ingredient0_ where ingredient0_.recipe_id=?
?[0m?[0;34mHibernate: select directions0_.recipe_id as recipe_i1_1_0_, directions0_.directions as directio2_1_0_ from recipe_directions directions0_ where directions0_.recipe_id=?
?[0m?[0;34mHibernate: select ingredient0_.recipe_id as recipe_i1_2_0_, ingredient0_.ingredients as ingredie2_2_0_ from recipe_ingredients ingredient0_ where ingredient0_.recipe_id=?
?[0m?[0;34mHibernate: select directions0_.recipe_id as recipe_i1_1_0_, directions0_.directions as directio2_1_0_ from recipe_directions directions0_ where directions0_.recipe_id=?
?[1;31m
Start test 67?[0m
?[0;34mHibernate: select user0_.email as email1_3_0_, user0_.password as password2_3_0_ from user user0_ where user0_.email=?
?[0m?[0;34mHibernate: select recipe0_.id as id1_0_, recipe0_.category as category2_0_, recipe0_.date as date3_0_, recipe0_.description as descript4_0_, recipe0_.name as name5_0_, recipe0_.user as user6_0_ from recipe recipe0_ where upper(recipe0_.name) like upper(?) escape ?
?[0m?[0;34mHibernate: select ingredient0_.recipe_id as recipe_i1_2_0_, ingredient0_.ingredients as ingredie2_2_0_ from recipe_ingredients ingredient0_ where ingredient0_.recipe_id=?
?[0m?[0;34mHibernate: select directions0_.recipe_id as recipe_i1_1_0_, directions0_.directions as directio2_1_0_ from recipe_directions directions0_ where directions0_.recipe_id=?
?[0m?[0;34mHibernate: select ingredient0_.recipe_id as recipe_i1_2_0_, ingredient0_.ingredients as ingredie2_2_0_ from recipe_ingredients ingredient0_ where ingredient0_.recipe_id=?
?[0m?[0;34mHibernate: select directions0_.recipe_id as recipe_i1_1_0_, directions0_.directions as directio2_1_0_ from recipe_directions directions0_ where directions0_.recipe_id=?
?[0m?[0;34mHibernate: select ingredient0_.recipe_id as recipe_i1_2_0_, ingredient0_.ingredients as ingredie2_2_0_ from recipe_ingredients ingredient0_ where ingredient0_.recipe_id=?
?[0m?[0;34mHibernate: select directions0_.recipe_id as recipe_i1_1_0_, directions0_.directions as directio2_1_0_ from recipe_directions directions0_ where directions0_.recipe_id=?
?[0m?[0;34mHibernate: select ingredient0_.recipe_id as recipe_i1_2_0_, ingredient0_.ingredients as ingredie2_2_0_ from recipe_ingredients ingredient0_ where ingredient0_.recipe_id=?
?[0m?[0;34mHibernate: select directions0_.recipe_id as recipe_i1_1_0_, directions0_.directions as directio2_1_0_ from recipe_directions directions0_ where directions0_.recipe_id=?
?[0m?[0;34mHibernate: select ingredient0_.recipe_id as recipe_i1_2_0_, ingredient0_.ingredients as ingredie2_2_0_ from recipe_ingredients ingredient0_ where ingredient0_.recipe_id=?
?[0m?[0;34mHibernate: select directions0_.recipe_id as recipe_i1_1_0_, directions0_.directions as directio2_1_0_ from recipe_directions directions0_ where directions0_.recipe_id=?
?[0m?[0;34mHibernate: select ingredient0_.recipe_id as recipe_i1_2_0_, ingredient0_.ingredients as ingredie2_2_0_ from recipe_ingredients ingredient0_ where ingredient0_.recipe_id=?
?[0m?[0;34mHibernate: select directions0_.recipe_id as recipe_i1_1_0_, directions0_.directions as directio2_1_0_ from recipe_directions directions0_ where directions0_.recipe_id=?
?[1;31m
Start test 68?[0m
?[0;34mHibernate: select user0_.email as email1_3_0_, user0_.password as password2_3_0_ from user user0_ where user0_.email=?
?[0m?[0;34mHibernate: select recipe0_.id as id1_0_0_, recipe0_.category as category2_0_0_, recipe0_.date as date3_0_0_, recipe0_.description as descript4_0_0_, recipe0_.name as name5_0_0_, recipe0_.user as user6_0_0_ from recipe recipe0_ where recipe0_.id=?
?[1;31m
Start test 69?[0m
?[0;34mHibernate: select user0_.email as email1_3_0_, user0_.password as password2_3_0_ from user user0_ where user0_.email=?
?[0m?[0;34mHibernate: select recipe0_.id as id1_0_0_, recipe0_.category as category2_0_0_, recipe0_.date as date3_0_0_, recipe0_.description as descript4_0_0_, recipe0_.name as name5_0_0_, recipe0_.user as user6_0_0_ from recipe recipe0_ where recipe0_.id=?
?[1;31m
Start test 70?[0m
?[0;34mHibernate: select user0_.email as email1_3_0_, user0_.password as password2_3_0_ from user user0_ where user0_.email=?
?[1;31m
Start test 71?[0m
?[0;34mHibernate: select user0_.email as email1_3_0_, user0_.password as password2_3_0_ from user user0_ where user0_.email=?
?[1;31m
Start test 72?[0m
?[0;34mHibernate: select user0_.email as email1_3_0_, user0_.password as password2_3_0_ from user user0_ where user0_.email=?
?[1;31m
Start test 73?[0m
?[0;34mHibernate: select user0_.email as email1_3_0_, user0_.password as password2_3_0_ from user user0_ where user0_.email=?
?[1;31m
Start test 74?[0m
?[0m?[0;34mHibernate: select user0_.email as email1_3_0_, user0_.password as password2_3_0_ from user user0_ where user0_.email=?
?[1;31m
Start test 75?[0m
?[0m?[0;34mHibernate: select user0_.email as email1_3_0_, user0_.password as password2_3_0_ from user user0_ where user0_.email=?
?[1;31m
Start test 76?[0m
?[1;31m
Start test 77?[0m
?[1;31m
Start test 78?[0m
?[1;31m
Start test 79?[0m
?[1;31m
Start test 80?[0m
?[1;31m
Start test 81?[0m
]]></system-out>
  <system-err><![CDATA[]]></system-err>
</testsuite>
